INFO:root:0 subjects have been retrieved already.
INFO:root:Retrieving docs for https://openalex.org/C71924100
INFO:root:Fetched page 1
INFO:root:Fetched page 2
INFO:root:Fetched page 3
INFO:root:Fetched page 4
INFO:root:Fetched page 5
INFO:root:Fetched page 6
INFO:root:100 docs were found.
INFO:root:Retrieving docs for https://openalex.org/C185592680
INFO:root:Fetched page 1
INFO:root:Fetched page 2
INFO:root:Fetched page 3
INFO:root:Fetched page 4
INFO:root:Fetched page 5
INFO:root:100 docs were found.
INFO:root:Retrieving docs for https://openalex.org/C86803240
INFO:root:Fetched page 1
INFO:root:Fetched page 2
INFO:root:Fetched page 3
INFO:root:Fetched page 4
INFO:root:Fetched page 5
INFO:root:Fetched page 6
INFO:root:100 docs were found.
INFO:root:Retrieving docs for https://openalex.org/C41008148
INFO:root:Fetched page 1
INFO:root:Fetched page 2
INFO:root:Fetched page 3
INFO:root:Fetched page 4
INFO:root:Fetched page 5
INFO:root:Fetched page 6
INFO:root:100 docs were found.
INFO:root:Retrieving docs for https://openalex.org/C192562407
INFO:root:Fetched page 1
INFO:root:Fetched page 2
INFO:root:Fetched page 3
INFO:root:Fetched page 4
INFO:root:Fetched page 5
INFO:root:Fetched page 6
INFO:root:Fetched page 7
INFO:root:100 docs were found.
INFO:root:Retrieving docs for https://openalex.org/C127413603
INFO:root:Fetched page 1
INFO:root:Fetched page 2
INFO:root:Fetched page 3
INFO:root:Fetched page 4
INFO:root:Fetched page 5
INFO:root:Fetched page 6
INFO:root:100 docs were found.
INFO:root:Retrieving docs for https://openalex.org/C15744967
INFO:root:Fetched page 1
INFO:root:Fetched page 2
INFO:root:Fetched page 3
INFO:root:Fetched page 4
INFO:root:Fetched page 5
INFO:root:Fetched page 6
INFO:root:Fetched page 7
INFO:root:100 docs were found.
INFO:root:Retrieving docs for https://openalex.org/C121332964
INFO:root:Fetched page 1
INFO:root:Fetched page 2
INFO:root:Fetched page 3
INFO:root:Fetched page 4
INFO:root:Fetched page 5
INFO:root:Fetched page 6
INFO:root:100 docs were found.
INFO:root:Retrieving docs for https://openalex.org/C17744445
INFO:root:Fetched page 1
INFO:root:Fetched page 2
INFO:root:Fetched page 3
INFO:root:Fetched page 4
INFO:root:Fetched page 5
INFO:root:Fetched page 6
INFO:root:Fetched page 7
INFO:root:100 docs were found.
INFO:root:Retrieving docs for https://openalex.org/C33923547
INFO:root:Fetched page 1
INFO:root:Fetched page 2
INFO:root:Fetched page 3
INFO:root:Fetched page 4
INFO:root:Fetched page 5
INFO:root:Fetched page 6
INFO:root:Fetched page 7
INFO:root:100 docs were found.
INFO:root:Retrieving docs for https://openalex.org/C144133560
INFO:root:Fetched page 1
INFO:root:Fetched page 2
INFO:root:Fetched page 3
INFO:root:Fetched page 4
INFO:root:Fetched page 5
INFO:root:Fetched page 6
INFO:root:Fetched page 7
INFO:root:Fetched page 8
INFO:root:100 docs were found.
INFO:root:Retrieving docs for https://openalex.org/C144024400
INFO:root:Fetched page 1
INFO:root:Fetched page 2
INFO:root:Fetched page 3
INFO:root:Fetched page 4
INFO:root:Fetched page 5
INFO:root:Fetched page 6
INFO:root:Fetched page 7
INFO:root:Fetched page 8
INFO:root:100 docs were found.
INFO:root:Retrieving docs for https://openalex.org/C205649164
INFO:root:Fetched page 1
INFO:root:Fetched page 2
INFO:root:Fetched page 3
INFO:root:Fetched page 4
INFO:root:Fetched page 5
INFO:root:Fetched page 6
INFO:root:Fetched page 7
INFO:root:100 docs were found.
INFO:root:Retrieving docs for https://openalex.org/C142362112
INFO:root:Fetched page 1
INFO:root:Fetched page 2
INFO:root:Fetched page 3
INFO:root:Fetched page 4
INFO:root:Fetched page 5
INFO:root:Fetched page 6
INFO:root:Fetched page 7
INFO:root:Fetched page 8
INFO:root:100 docs were found.
INFO:root:Retrieving docs for https://openalex.org/C39432304
INFO:root:Fetched page 1
INFO:root:Fetched page 2
INFO:root:Fetched page 3
INFO:root:Fetched page 4
INFO:root:Fetched page 5
INFO:root:Fetched page 6
INFO:root:Fetched page 7
INFO:root:Fetched page 8
INFO:root:Fetched page 9
INFO:root:100 docs were found.
INFO:root:Retrieving docs for https://openalex.org/C162324750
INFO:root:Fetched page 1
INFO:root:Fetched page 2
INFO:root:Fetched page 3
INFO:root:Fetched page 4
INFO:root:Fetched page 5
INFO:root:Fetched page 6
INFO:root:Fetched page 7
INFO:root:100 docs were found.
INFO:root:Retrieving docs for https://openalex.org/C127313418
INFO:root:Fetched page 1
INFO:root:Fetched page 2
INFO:root:Fetched page 3
INFO:root:Fetched page 4
INFO:root:Fetched page 5
INFO:root:Fetched page 6
INFO:root:Fetched page 7
INFO:root:100 docs were found.
INFO:root:Retrieving docs for https://openalex.org/C95457728
INFO:root:Fetched page 1
INFO:root:Fetched page 2
INFO:root:Fetched page 3
INFO:root:Fetched page 4
INFO:root:Fetched page 5
INFO:root:Fetched page 6
INFO:root:Fetched page 7
INFO:root:Fetched page 8
INFO:root:Fetched page 9
INFO:root:100 docs were found.
INFO:root:Retrieving docs for https://openalex.org/C138885662
INFO:root:Fetched page 1
INFO:root:Fetched page 2
INFO:root:Fetched page 3
INFO:root:Fetched page 4
INFO:root:Fetched page 5
INFO:root:Fetched page 6
INFO:root:Fetched page 7
INFO:root:Fetched page 8
INFO:root:Fetched page 9
INFO:root:100 docs were found.
INFO:root:Retrieving docs for https://openalex.org/C126322002
INFO:root:Fetched page 1
INFO:root:Fetched page 2
INFO:root:Fetched page 3
INFO:root:Fetched page 4
INFO:root:Fetched page 5
INFO:root:Fetched page 6
INFO:root:Fetched page 7
INFO:root:100 docs were found.
INFO:root:Retrieving docs for https://openalex.org/C141071460
INFO:root:Fetched page 1
INFO:root:Fetched page 2
INFO:root:Fetched page 3
INFO:root:Fetched page 4
INFO:root:Fetched page 5
INFO:root:Fetched page 6
INFO:root:Fetched page 7
INFO:root:100 docs were found.
INFO:root:Retrieving docs for https://openalex.org/C134018914
INFO:root:Fetched page 1
INFO:root:Fetched page 2
INFO:root:Fetched page 3
INFO:root:Fetched page 4
INFO:root:Fetched page 5
INFO:root:Fetched page 6
INFO:root:100 docs were found.
INFO:root:Retrieving docs for https://openalex.org/C154945302
INFO:root:Fetched page 1
INFO:root:Fetched page 2
INFO:root:Fetched page 3
INFO:root:Fetched page 4
INFO:root:Fetched page 5
INFO:root:Fetched page 6
INFO:root:Fetched page 7
INFO:root:100 docs were found.
INFO:root:Retrieving docs for https://openalex.org/C15708023
INFO:root:Fetched page 1
INFO:root:Fetched page 2
INFO:root:Fetched page 3
INFO:root:Fetched page 4
INFO:root:Fetched page 5
INFO:root:Fetched page 6
INFO:root:Fetched page 7
INFO:root:Fetched page 8
INFO:root:Fetched page 9
INFO:root:Fetched page 10
INFO:root:100 docs were found.
INFO:root:Retrieving docs for https://openalex.org/C55493867
INFO:root:Fetched page 1
INFO:root:Fetched page 2
INFO:root:Fetched page 3
INFO:root:Fetched page 4
INFO:root:Fetched page 5
INFO:root:100 docs were found.
INFO:root:Retrieving docs for https://openalex.org/C142724271
INFO:root:Fetched page 1
INFO:root:Fetched page 2
INFO:root:Fetched page 3
INFO:root:Fetched page 4
INFO:root:Fetched page 5
INFO:root:Fetched page 6
INFO:root:100 docs were found.
INFO:root:Retrieving docs for https://openalex.org/C159985019
INFO:root:Fetched page 1
INFO:root:Fetched page 2
INFO:root:Fetched page 3
INFO:root:Fetched page 4
INFO:root:Fetched page 5
INFO:root:Fetched page 6
INFO:root:100 docs were found.
INFO:root:Retrieving docs for https://openalex.org/C120665830
INFO:root:Fetched page 1
INFO:root:Fetched page 2
INFO:root:Fetched page 3
INFO:root:Fetched page 4
INFO:root:Fetched page 5
INFO:root:Fetched page 6
INFO:root:100 docs were found.
INFO:root:Retrieving docs for https://openalex.org/C199539241
INFO:root:Fetched page 1
INFO:root:Fetched page 2
INFO:root:Fetched page 3
INFO:root:Fetched page 4
INFO:root:Fetched page 5
INFO:root:Fetched page 6
INFO:root:Fetched page 7
INFO:root:Fetched page 8
INFO:root:100 docs were found.
INFO:root:Retrieving docs for https://openalex.org/C203014093
INFO:root:Fetched page 1
INFO:root:Fetched page 2
INFO:root:Fetched page 3
INFO:root:Fetched page 4
INFO:root:Fetched page 5
INFO:root:100 docs were found.
INFO:root:Retrieving docs for https://openalex.org/C59822182
INFO:root:Fetched page 1
INFO:root:Fetched page 2
INFO:root:Fetched page 3
INFO:root:Fetched page 4
INFO:root:Fetched page 5
INFO:root:Fetched page 6
INFO:root:Fetched page 7
INFO:root:100 docs were found.
INFO:root:Retrieving docs for https://openalex.org/C95444343
INFO:root:Fetched page 1
INFO:root:Fetched page 2
INFO:root:Fetched page 3
INFO:root:Fetched page 4
INFO:root:Fetched page 5
INFO:root:Fetched page 6
INFO:root:100 docs were found.
INFO:root:Retrieving docs for https://openalex.org/C153911025
INFO:root:Fetched page 1
INFO:root:Fetched page 2
INFO:root:Fetched page 3
INFO:root:Fetched page 4
INFO:root:Fetched page 5
INFO:root:100 docs were found.
INFO:root:Retrieving docs for https://openalex.org/C164705383
INFO:root:Fetched page 1
INFO:root:Fetched page 2
INFO:root:Fetched page 3
INFO:root:Fetched page 4
INFO:root:Fetched page 5
INFO:root:Fetched page 6
INFO:root:Fetched page 7
INFO:root:100 docs were found.
INFO:root:Retrieving docs for https://openalex.org/C19417346
INFO:root:Fetched page 1
INFO:root:Fetched page 2
INFO:root:Fetched page 3
INFO:root:Fetched page 4
INFO:root:Fetched page 5
INFO:root:Fetched page 6
INFO:root:100 docs were found.
INFO:root:Retrieving docs for https://openalex.org/C18903297
INFO:root:Fetched page 1
INFO:root:Fetched page 2
INFO:root:Fetched page 3
INFO:root:Fetched page 4
INFO:root:Fetched page 5
INFO:root:Fetched page 6
INFO:root:Fetched page 7
INFO:root:100 docs were found.
INFO:root:Retrieving docs for https://openalex.org/C145420912
INFO:root:Fetched page 1
INFO:root:Fetched page 2
INFO:root:Fetched page 3
INFO:root:Fetched page 4
INFO:root:Fetched page 5
INFO:root:Fetched page 6
INFO:root:Fetched page 7
INFO:root:Fetched page 8
INFO:root:Fetched page 9
INFO:root:100 docs were found.
INFO:root:Retrieving docs for https://openalex.org/C161191863
INFO:root:Fetched page 1
INFO:root:Fetched page 2
INFO:root:Fetched page 3
INFO:root:Fetched page 4
INFO:root:Fetched page 5
INFO:root:Fetched page 6
INFO:root:Fetched page 7
INFO:root:Fetched page 8
INFO:root:Fetched page 9
INFO:root:Fetched page 10
INFO:root:Fetched page 11
INFO:root:Fetched page 12
INFO:root:Fetched page 13
INFO:root:Fetched page 14
INFO:root:Fetched page 15
INFO:root:Fetched page 16
INFO:root:Fetched page 17
INFO:root:Fetched page 18
INFO:root:Fetched page 19
INFO:root:Fetched page 20
INFO:root:Fetched page 21
INFO:root:Fetched page 22
INFO:root:Fetched page 23
INFO:root:Fetched page 24
INFO:root:Fetched page 25
INFO:root:Fetched page 26
INFO:root:Fetched page 27
INFO:root:Fetched page 28
INFO:root:100 docs were found.
INFO:root:Retrieving docs for https://openalex.org/C52119013
INFO:root:Fetched page 1
INFO:root:Fetched page 2
INFO:root:Fetched page 3
INFO:root:Fetched page 4
INFO:root:Fetched page 5
INFO:root:Fetched page 6
INFO:root:Fetched page 7
INFO:root:Fetched page 8
INFO:root:Fetched page 9
INFO:root:Fetched page 10
INFO:root:Fetched page 11
INFO:root:Fetched page 12
INFO:root:Fetched page 13
INFO:root:Fetched page 14
INFO:root:100 docs were found.
INFO:root:Retrieving docs for https://openalex.org/C77805123
INFO:root:Fetched page 1
INFO:root:Fetched page 2
INFO:root:Fetched page 3
INFO:root:Fetched page 4
INFO:root:Fetched page 5
INFO:root:Fetched page 6
INFO:root:100 docs were found.
INFO:root:Retrieving docs for https://openalex.org/C42360764
INFO:root:Fetched page 1
INFO:root:Fetched page 2
INFO:root:Fetched page 3
INFO:root:Fetched page 4
INFO:root:Fetched page 5
INFO:root:Fetched page 6
INFO:root:Fetched page 7
INFO:root:Fetched page 8
INFO:root:100 docs were found.
INFO:root:Retrieving docs for https://openalex.org/C57879066
INFO:root:Fetched page 1
INFO:root:Fetched page 2
INFO:root:Fetched page 3
INFO:root:Fetched page 4
INFO:root:Fetched page 5
INFO:root:Fetched page 6
INFO:root:Fetched page 7
INFO:root:Fetched page 8
INFO:root:Fetched page 9
INFO:root:Fetched page 10
INFO:root:100 docs were found.
INFO:root:Retrieving docs for https://openalex.org/C49040817
INFO:root:Fetched page 1
INFO:root:Fetched page 2
INFO:root:Fetched page 3
INFO:root:Fetched page 4
INFO:root:Fetched page 5
INFO:root:Fetched page 6
INFO:root:Fetched page 7
INFO:root:Fetched page 8
INFO:root:100 docs were found.
INFO:root:Retrieving docs for https://openalex.org/C42219234
INFO:root:Fetched page 1
INFO:root:Fetched page 2
INFO:root:Fetched page 3
INFO:root:Fetched page 4
INFO:root:Fetched page 5
INFO:root:Fetched page 6
INFO:root:Fetched page 7
INFO:root:Fetched page 8
INFO:root:Fetched page 9
INFO:root:100 docs were found.
INFO:root:Retrieving docs for https://openalex.org/C2779134260
INFO:root:Fetched page 1
INFO:root:Fetched page 2
INFO:root:Fetched page 3
INFO:root:Fetched page 4
INFO:root:Fetched page 5
INFO:root:Fetched page 6
INFO:root:Fetched page 7
INFO:root:Fetched page 8
INFO:root:100 docs were found.
INFO:root:Retrieving docs for https://openalex.org/C138816342
INFO:root:Fetched page 1
INFO:root:Fetched page 2
INFO:root:Fetched page 3
INFO:root:Fetched page 4
INFO:root:Fetched page 5
INFO:root:Fetched page 6
INFO:root:100 docs were found.
INFO:root:Retrieving docs for https://openalex.org/C169900460
INFO:root:Fetched page 1
INFO:root:Fetched page 2
INFO:root:Fetched page 3
INFO:root:Fetched page 4
INFO:root:Fetched page 5
INFO:root:Fetched page 6
INFO:root:100 docs were found.
INFO:root:Retrieving docs for https://openalex.org/C555293320
INFO:root:Fetched page 1
INFO:root:Fetched page 2
INFO:root:Fetched page 3
INFO:root:Fetched page 4
INFO:root:Fetched page 5
INFO:root:Fetched page 6
INFO:root:Fetched page 7
INFO:root:100 docs were found.
INFO:root:Retrieving docs for https://openalex.org/C170493617
INFO:root:Fetched page 1
INFO:root:Fetched page 2
INFO:root:Fetched page 3
INFO:root:Fetched page 4
INFO:root:Fetched page 5
INFO:root:Fetched page 6
INFO:root:100 docs were found.
INFO:root:Retrieving docs for https://openalex.org/C159654299
INFO:root:Fetched page 1
INFO:root:Fetched page 2
INFO:root:Fetched page 3
INFO:root:Fetched page 4
INFO:root:Fetched page 5
INFO:root:Fetched page 6
INFO:root:Fetched page 7
INFO:root:100 docs were found.
INFO:root:Retrieving docs for https://openalex.org/C107130276
INFO:root:Fetched page 1
INFO:root:Fetched page 2
INFO:root:Fetched page 3
INFO:root:Fetched page 4
INFO:root:Fetched page 5
INFO:root:Fetched page 6
INFO:root:Fetched page 7
INFO:root:100 docs were found.
INFO:root:Retrieving docs for https://openalex.org/C167135981
INFO:root:Fetched page 1
INFO:root:Fetched page 2
INFO:root:Fetched page 3
INFO:root:Fetched page 4
INFO:root:Fetched page 5
INFO:root:Fetched page 6
INFO:root:Fetched page 7
INFO:root:100 docs were found.
INFO:root:Retrieving docs for https://openalex.org/C168563851
INFO:root:Fetched page 1
INFO:root:Fetched page 2
INFO:root:Fetched page 3
INFO:root:Fetched page 4
INFO:root:Fetched page 5
INFO:root:Fetched page 6
INFO:root:Fetched page 7
INFO:root:100 docs were found.
INFO:root:Retrieving docs for https://openalex.org/C27415008
INFO:root:Fetched page 1
INFO:root:Fetched page 2
INFO:root:Fetched page 3
INFO:root:Fetched page 4
INFO:root:Fetched page 5
INFO:root:Fetched page 6
INFO:root:Fetched page 7
INFO:root:100 docs were found.
INFO:root:Retrieving docs for https://openalex.org/C147483822
INFO:root:Fetched page 1
INFO:root:Fetched page 2
INFO:root:Fetched page 3
INFO:root:Fetched page 4
INFO:root:Fetched page 5
INFO:root:Fetched page 6
INFO:root:Fetched page 7
INFO:root:Fetched page 8
INFO:root:100 docs were found.
INFO:root:Retrieving docs for https://openalex.org/C2522874641
INFO:root:Fetched page 1
INFO:root:Fetched page 2
INFO:root:Fetched page 3
INFO:root:Fetched page 4
INFO:root:Fetched page 5
INFO:root:Fetched page 6
INFO:root:Fetched page 7
INFO:root:100 docs were found.
INFO:root:Retrieving docs for https://openalex.org/C84393581
INFO:root:Fetched page 1
INFO:root:Fetched page 2
INFO:root:Fetched page 3
INFO:root:Fetched page 4
INFO:root:Fetched page 5
INFO:root:Fetched page 6
INFO:root:Fetched page 7
INFO:root:100 docs were found.
INFO:root:Retrieving docs for https://openalex.org/C2776694085
INFO:root:Fetched page 1
INFO:root:Fetched page 2
INFO:root:Fetched page 3
INFO:root:Fetched page 4
INFO:root:Fetched page 5
INFO:root:100 docs were found.
INFO:root:Retrieving docs for https://openalex.org/C134362201
INFO:root:Fetched page 1
INFO:root:Fetched page 2
INFO:root:Fetched page 3
INFO:root:Fetched page 4
INFO:root:Fetched page 5
INFO:root:Fetched page 6
INFO:root:Fetched page 7
INFO:root:100 docs were found.
INFO:root:Retrieving docs for https://openalex.org/C188816634
INFO:root:Fetched page 1
INFO:root:Fetched page 2
INFO:root:Fetched page 3
INFO:root:Fetched page 4
INFO:root:Fetched page 5
INFO:root:Fetched page 6
INFO:root:Fetched page 7
INFO:root:100 docs were found.
INFO:root:Retrieving docs for https://openalex.org/C2780665704
INFO:root:Fetched page 1
INFO:root:Fetched page 2
INFO:root:Fetched page 3
INFO:root:Fetched page 4
INFO:root:Fetched page 5
INFO:root:Fetched page 6
INFO:root:Fetched page 7
INFO:root:Fetched page 8
INFO:root:100 docs were found.
INFO:root:Retrieving docs for https://openalex.org/C535046627
INFO:root:Fetched page 1
INFO:root:Fetched page 2
INFO:root:Fetched page 3
INFO:root:Fetched page 4
INFO:root:Fetched page 5
INFO:root:Fetched page 6
INFO:root:Fetched page 7
INFO:root:Fetched page 8
INFO:root:Fetched page 9
INFO:root:100 docs were found.
INFO:root:Retrieving docs for https://openalex.org/C143409427
INFO:root:Fetched page 1
INFO:root:Fetched page 2
INFO:root:Fetched page 3
INFO:root:Fetched page 4
INFO:root:Fetched page 5
INFO:root:Fetched page 6
INFO:root:100 docs were found.
INFO:root:Retrieving docs for https://openalex.org/C558461103
INFO:root:Fetched page 1
INFO:root:Fetched page 2
INFO:root:Fetched page 3
INFO:root:Fetched page 4
INFO:root:Fetched page 5
INFO:root:Fetched page 6
INFO:root:Fetched page 7
INFO:root:Fetched page 8
INFO:root:Fetched page 9
INFO:root:100 docs were found.
INFO:root:Retrieving docs for https://openalex.org/C204787440
INFO:root:Fetched page 1
INFO:root:Fetched page 2
INFO:root:Fetched page 3
INFO:root:Fetched page 4
INFO:root:Fetched page 5
INFO:root:Fetched page 6
INFO:root:Fetched page 7
INFO:root:100 docs were found.
INFO:root:Retrieving docs for https://openalex.org/C187155963
INFO:root:Fetched page 1
INFO:root:Fetched page 2
INFO:root:Fetched page 3
INFO:root:Fetched page 4
INFO:root:Fetched page 5
INFO:root:Fetched page 6
INFO:root:100 docs were found.
INFO:root:Retrieving docs for https://openalex.org/C81182388
INFO:root:Fetched page 1
INFO:root:Fetched page 2
INFO:root:Fetched page 3
INFO:root:Fetched page 4
INFO:root:Fetched page 5
INFO:root:Fetched page 6
INFO:root:100 docs were found.
INFO:root:Retrieving docs for https://openalex.org/C2777714996
INFO:root:Fetched page 1
INFO:root:Fetched page 2
INFO:root:Fetched page 3
INFO:root:Fetched page 4
INFO:root:Fetched page 5
INFO:root:Fetched page 6
INFO:root:100 docs were found.
INFO:root:Retrieving docs for https://openalex.org/C72563966
INFO:root:Fetched page 1
INFO:root:Fetched page 2
INFO:root:Fetched page 3
INFO:root:Fetched page 4
INFO:root:Fetched page 5
INFO:root:Fetched page 6
INFO:root:Fetched page 7
INFO:root:Fetched page 8
INFO:root:Fetched page 9
INFO:root:Fetched page 10
INFO:root:Fetched page 11
INFO:root:100 docs were found.
INFO:root:Retrieving docs for https://openalex.org/C2780035454
INFO:root:Fetched page 1
INFO:root:Fetched page 2
INFO:root:Fetched page 3
INFO:root:Fetched page 4
INFO:root:Fetched page 5
INFO:root:Fetched page 6
INFO:root:100 docs were found.
INFO:root:Retrieving docs for https://openalex.org/C2777546739
INFO:root:Fetched page 1
INFO:root:Fetched page 2
INFO:root:Fetched page 3
INFO:root:Fetched page 4
INFO:root:Fetched page 5
INFO:root:Fetched page 6
INFO:root:100 docs were found.
INFO:root:Retrieving docs for https://openalex.org/C3018023364
INFO:root:Fetched page 1
INFO:root:Fetched page 2
INFO:root:Fetched page 3
INFO:root:Fetched page 4
INFO:root:Fetched page 5
INFO:root:100 docs were found.
INFO:root:Retrieving docs for https://openalex.org/C509974204
INFO:root:Fetched page 1
INFO:root:Fetched page 2
INFO:root:Fetched page 3
INFO:root:Fetched page 4
INFO:root:Fetched page 5
INFO:root:Fetched page 6
INFO:root:Fetched page 7
INFO:root:100 docs were found.
INFO:root:Retrieving docs for https://openalex.org/C44249647
INFO:root:Fetched page 1
INFO:root:Fetched page 2
INFO:root:Fetched page 3
INFO:root:Fetched page 4
INFO:root:Fetched page 5
INFO:root:Fetched page 6
INFO:root:Fetched page 7
INFO:root:Fetched page 8
INFO:root:Fetched page 9
INFO:root:Fetched page 10
INFO:root:100 docs were found.
INFO:root:Retrieving docs for https://openalex.org/C29730261
INFO:root:Fetched page 1
INFO:root:Fetched page 2
INFO:root:Fetched page 3
INFO:root:Fetched page 4
INFO:root:Fetched page 5
INFO:root:Fetched page 6
INFO:root:100 docs were found.
INFO:root:Retrieving docs for https://openalex.org/C197934379
INFO:root:Fetched page 1
INFO:root:Fetched page 2
INFO:root:Fetched page 3
INFO:root:Fetched page 4
INFO:root:Fetched page 5
INFO:root:Fetched page 6
INFO:root:Fetched page 7
INFO:root:Fetched page 8
INFO:root:Fetched page 9
INFO:root:100 docs were found.
INFO:root:Retrieving docs for https://openalex.org/C511355011
INFO:root:Fetched page 1
INFO:root:Fetched page 2
INFO:root:Fetched page 3
INFO:root:Fetched page 4
INFO:root:Fetched page 5
INFO:root:Fetched page 6
INFO:root:Fetched page 7
INFO:root:Fetched page 8
INFO:root:100 docs were found.
INFO:root:Retrieving docs for https://openalex.org/C500558357
INFO:root:Fetched page 1
INFO:root:Fetched page 2
INFO:root:Fetched page 3
INFO:root:Fetched page 4
INFO:root:Fetched page 5
INFO:root:Fetched page 6
INFO:root:100 docs were found.
INFO:root:Retrieving docs for https://openalex.org/C204232928
INFO:root:Fetched page 1
INFO:root:Fetched page 2
INFO:root:Fetched page 3
INFO:root:Fetched page 4
INFO:root:Fetched page 5
INFO:root:Fetched page 6
INFO:root:100 docs were found.
INFO:root:Retrieving docs for https://openalex.org/C156957248
INFO:root:Fetched page 1
INFO:root:Fetched page 2
INFO:root:Fetched page 3
INFO:root:Fetched page 4
INFO:root:Fetched page 5
INFO:root:Fetched page 6
INFO:root:Fetched page 7
INFO:root:Fetched page 8
INFO:root:Fetched page 9
INFO:root:Fetched page 10
INFO:root:Fetched page 11
INFO:root:Fetched page 12
INFO:root:Fetched page 13
INFO:root:Fetched page 14
INFO:root:100 docs were found.
INFO:root:Retrieving docs for https://openalex.org/C24998067
INFO:root:Fetched page 1
INFO:root:Fetched page 2
INFO:root:Fetched page 3
INFO:root:Fetched page 4
INFO:root:Fetched page 5
INFO:root:Fetched page 6
INFO:root:100 docs were found.
INFO:root:Retrieving docs for https://openalex.org/C50440223
INFO:root:Fetched page 1
INFO:root:Fetched page 2
INFO:root:Fetched page 3
INFO:root:Fetched page 4
INFO:root:Fetched page 5
INFO:root:Fetched page 6
INFO:root:Fetched page 7
INFO:root:Fetched page 8
INFO:root:Fetched page 9
INFO:root:100 docs were found.
INFO:root:Retrieving docs for https://openalex.org/C2780091579
INFO:root:Fetched page 1
INFO:root:Fetched page 2
INFO:root:Fetched page 3
INFO:root:Fetched page 4
INFO:root:Fetched page 5
INFO:root:Fetched page 6
INFO:root:Fetched page 7
INFO:root:100 docs were found.
INFO:root:Retrieving docs for https://openalex.org/C2780942790
INFO:root:Fetched page 1
INFO:root:Fetched page 2
INFO:root:Fetched page 3
INFO:root:Fetched page 4
INFO:root:Fetched page 5
INFO:root:Fetched page 6
INFO:root:100 docs were found.
INFO:root:Retrieving docs for https://openalex.org/C137627325
INFO:root:Fetched page 1
INFO:root:Fetched page 2
INFO:root:Fetched page 3
INFO:root:Fetched page 4
INFO:root:Fetched page 5
INFO:root:100 docs were found.
INFO:root:Retrieving docs for https://openalex.org/C2778198053
INFO:root:Fetched page 1
INFO:root:Fetched page 2
INFO:root:Fetched page 3
INFO:root:Fetched page 4
INFO:root:Fetched page 5
INFO:root:Fetched page 6
INFO:root:Fetched page 7
INFO:root:Fetched page 8
INFO:root:Fetched page 9
INFO:root:100 docs were found.
INFO:root:Retrieving docs for https://openalex.org/C71315377
INFO:root:Fetched page 1
INFO:root:Fetched page 2
INFO:root:Fetched page 3
INFO:root:Fetched page 4
INFO:root:Fetched page 5
INFO:root:Fetched page 6
INFO:root:100 docs were found.
INFO:root:Retrieving docs for https://openalex.org/C2778818304
INFO:root:Fetched page 1
INFO:root:Fetched page 2
INFO:root:Fetched page 3
INFO:root:Fetched page 4
INFO:root:Fetched page 5
INFO:root:Fetched page 6
INFO:root:100 docs were found.
INFO:root:Retrieving docs for https://openalex.org/C2775934546
INFO:root:Fetched page 1
INFO:root:Fetched page 2
INFO:root:Fetched page 3
INFO:root:Fetched page 4
INFO:root:Fetched page 5
INFO:root:Fetched page 6
INFO:root:Fetched page 7
INFO:root:100 docs were found.
INFO:root:Retrieving docs for https://openalex.org/C519063684
INFO:root:Fetched page 1
INFO:root:Fetched page 2
INFO:root:Fetched page 3
INFO:root:Fetched page 4
INFO:root:Fetched page 5
INFO:root:100 docs were found.
INFO:root:Retrieving docs for https://openalex.org/C2779306644
INFO:root:Fetched page 1
INFO:root:Fetched page 2
INFO:root:Fetched page 3
INFO:root:Fetched page 4
INFO:root:Fetched page 5
INFO:root:Fetched page 6
INFO:root:Fetched page 7
INFO:root:100 docs were found.
INFO:root:Retrieving docs for https://openalex.org/C2780221984
INFO:root:Fetched page 1
INFO:root:Fetched page 2
INFO:root:Fetched page 3
INFO:root:Fetched page 4
INFO:root:Fetched page 5
INFO:root:Fetched page 6
INFO:root:Fetched page 7
INFO:root:Fetched page 8
INFO:root:Fetched page 9
INFO:root:Fetched page 10
INFO:root:Fetched page 11
INFO:root:Fetched page 12
INFO:root:100 docs were found.
INFO:root:Retrieving docs for https://openalex.org/C205545832
INFO:root:Fetched page 1
INFO:root:Fetched page 2
INFO:root:Fetched page 3
INFO:root:Fetched page 4
INFO:root:Fetched page 5
INFO:root:Fetched page 6
INFO:root:Fetched page 7
INFO:root:100 docs were found.
INFO:root:Retrieving docs for https://openalex.org/C2776151105
INFO:root:Fetched page 1
INFO:root:Fetched page 2
INFO:root:Fetched page 3
INFO:root:Fetched page 4
INFO:root:Fetched page 5
INFO:root:Fetched page 6
INFO:root:Fetched page 7
INFO:root:Fetched page 8
INFO:root:100 docs were found.
INFO:root:Retrieving docs for https://openalex.org/C2781156865
INFO:root:Fetched page 1
INFO:root:Fetched page 2
INFO:root:Fetched page 3
INFO:root:Fetched page 4
INFO:root:Fetched page 5
INFO:root:Fetched page 6
INFO:root:Fetched page 7
INFO:root:Fetched page 8
INFO:root:100 docs were found.
INFO:root:Retrieving docs for https://openalex.org/C151956035
INFO:root:Fetched page 1
INFO:root:Fetched page 2
INFO:root:Fetched page 3
INFO:root:Fetched page 4
INFO:root:Fetched page 5
INFO:root:Fetched page 6
INFO:root:Fetched page 7
INFO:root:Fetched page 8
INFO:root:Fetched page 9
INFO:root:Fetched page 10
INFO:root:Fetched page 11
INFO:root:100 docs were found.
INFO:root:Retrieving docs for https://openalex.org/C2781069245
INFO:root:Fetched page 1
INFO:root:Fetched page 2
INFO:root:Fetched page 3
INFO:root:Fetched page 4
INFO:root:Fetched page 5
INFO:root:Fetched page 6
INFO:root:100 docs were found.
INFO:root:Retrieving docs for https://openalex.org/C142052008
INFO:root:Fetched page 1
INFO:root:Fetched page 2
INFO:root:Fetched page 3
INFO:root:Fetched page 4
INFO:root:Fetched page 5
INFO:root:Fetched page 6
INFO:root:Fetched page 7
INFO:root:Fetched page 8
INFO:root:Fetched page 9
INFO:root:Fetched page 10
INFO:root:100 docs were found.
INFO:root:Retrieving docs for https://openalex.org/C129047720
INFO:root:Fetched page 1
INFO:root:Fetched page 2
INFO:root:Fetched page 3
INFO:root:Fetched page 4
INFO:root:Fetched page 5
INFO:root:Fetched page 6
INFO:root:100 docs were found.
INFO:root:Retrieving docs for https://openalex.org/C201903717
INFO:root:Fetched page 1
INFO:root:Fetched page 2
INFO:root:Fetched page 3
INFO:root:Fetched page 4
INFO:root:Fetched page 5
INFO:root:Fetched page 6
INFO:root:Fetched page 7
INFO:root:Fetched page 8
INFO:root:Fetched page 9
INFO:root:Fetched page 10
INFO:root:Fetched page 11
INFO:root:Fetched page 12
INFO:root:Fetched page 13
INFO:root:Fetched page 14
INFO:root:100 docs were found.
INFO:root:Retrieving docs for https://openalex.org/C2776256026
INFO:root:Fetched page 1
INFO:root:Fetched page 2
INFO:root:Fetched page 3
INFO:root:Fetched page 4
INFO:root:Fetched page 5
INFO:root:Fetched page 6
INFO:root:Fetched page 7
INFO:root:Fetched page 8
INFO:root:Fetched page 9
INFO:root:100 docs were found.
INFO:root:Retrieving docs for https://openalex.org/C36454342
INFO:root:Fetched page 1
INFO:root:Fetched page 2
INFO:root:Fetched page 3
INFO:root:Fetched page 4
INFO:root:Fetched page 5
INFO:root:Fetched page 6
INFO:root:100 docs were found.
INFO:root:Retrieving docs for https://openalex.org/C178853913
INFO:root:Fetched page 1
INFO:root:Fetched page 2
INFO:root:Fetched page 3
INFO:root:Fetched page 4
INFO:root:Fetched page 5
INFO:root:Fetched page 6
INFO:root:Fetched page 7
INFO:root:100 docs were found.
INFO:root:Retrieving docs for https://openalex.org/C2780801072
INFO:root:Fetched page 1
INFO:root:Fetched page 2
INFO:root:Fetched page 3
INFO:root:Fetched page 4
INFO:root:Fetched page 5
INFO:root:Fetched page 6
INFO:root:Fetched page 7
INFO:root:Fetched page 8
INFO:root:100 docs were found.
INFO:root:Retrieving docs for https://openalex.org/C77411442
INFO:root:Fetched page 1
INFO:root:Fetched page 2
INFO:root:Fetched page 3
INFO:root:Fetched page 4
INFO:root:Fetched page 5
INFO:root:Fetched page 6
INFO:root:100 docs were found.
INFO:root:Retrieving docs for https://openalex.org/C95190672
INFO:root:Fetched page 1
INFO:root:Fetched page 2
INFO:root:Fetched page 3
INFO:root:Fetched page 4
INFO:root:Fetched page 5
INFO:root:Fetched page 6
INFO:root:Fetched page 7
INFO:root:Fetched page 8
INFO:root:Fetched page 9
INFO:root:Fetched page 10
INFO:root:Fetched page 11
INFO:root:Fetched page 12
INFO:root:100 docs were found.
INFO:root:Retrieving docs for https://openalex.org/C143753070
INFO:root:Fetched page 1
INFO:root:Fetched page 2
INFO:root:Fetched page 3
INFO:root:Fetched page 4
INFO:root:Fetched page 5
INFO:root:Fetched page 6
INFO:root:100 docs were found.
INFO:root:Retrieving docs for https://openalex.org/C2780026642
INFO:root:Fetched page 1
INFO:root:Fetched page 2
INFO:root:Fetched page 3
INFO:root:Fetched page 4
INFO:root:Fetched page 5
INFO:root:Fetched page 6
INFO:root:Fetched page 7
INFO:root:100 docs were found.
INFO:root:Retrieving docs for https://openalex.org/C2780007613
INFO:root:Fetched page 1
INFO:root:Fetched page 2
INFO:root:Fetched page 3
INFO:root:Fetched page 4
INFO:root:Fetched page 5
INFO:root:Fetched page 6
INFO:root:100 docs were found.
INFO:root:Retrieving docs for https://openalex.org/C51067260
INFO:root:Fetched page 1
INFO:root:Fetched page 2
INFO:root:Fetched page 3
INFO:root:Fetched page 4
INFO:root:Fetched page 5
INFO:root:Fetched page 6
INFO:root:Fetched page 7
INFO:root:100 docs were found.
INFO:root:Retrieving docs for https://openalex.org/C2776042228
INFO:root:Fetched page 1
INFO:root:Fetched page 2
INFO:root:Fetched page 3
INFO:root:Fetched page 4
INFO:root:Fetched page 5
INFO:root:Fetched page 6
INFO:root:Fetched page 7
INFO:root:100 docs were found.
INFO:root:Retrieving docs for https://openalex.org/C112705442
INFO:root:Fetched page 1
INFO:root:Fetched page 2
INFO:root:Fetched page 3
INFO:root:Fetched page 4
INFO:root:Fetched page 5
INFO:root:Fetched page 6
INFO:root:Fetched page 7
INFO:root:100 docs were found.
INFO:root:Retrieving docs for https://openalex.org/C2778690821
INFO:root:Fetched page 1
INFO:root:Fetched page 2
INFO:root:Fetched page 3
INFO:root:Fetched page 4
INFO:root:Fetched page 5
INFO:root:Fetched page 6
INFO:root:Fetched page 7
INFO:root:100 docs were found.
INFO:root:Retrieving docs for https://openalex.org/C22070199
INFO:root:Fetched page 1
INFO:root:Fetched page 2
INFO:root:Fetched page 3
INFO:root:Fetched page 4
INFO:root:Fetched page 5
INFO:root:Fetched page 6
INFO:root:Fetched page 7
INFO:root:Fetched page 8
INFO:root:Fetched page 9
INFO:root:Fetched page 10
INFO:root:100 docs were found.
INFO:root:Retrieving docs for https://openalex.org/C541997718
INFO:root:Fetched page 1
INFO:root:Fetched page 2
INFO:root:Fetched page 3
INFO:root:Fetched page 4
INFO:root:Fetched page 5
INFO:root:Fetched page 6
INFO:root:100 docs were found.
INFO:root:Retrieving docs for https://openalex.org/C179755657
INFO:root:Fetched page 1
INFO:root:Fetched page 2
INFO:root:Fetched page 3
INFO:root:Fetched page 4
INFO:root:Fetched page 5
INFO:root:Fetched page 6
INFO:root:Fetched page 7
INFO:root:Fetched page 8
INFO:root:100 docs were found.
INFO:root:Retrieving docs for https://openalex.org/C207886595
INFO:root:Fetched page 1
INFO:root:Fetched page 2
INFO:root:Fetched page 3
INFO:root:Fetched page 4
INFO:root:Fetched page 5
INFO:root:Fetched page 6
INFO:root:Fetched page 7
INFO:root:100 docs were found.
INFO:root:Retrieving docs for https://openalex.org/C2779951463
INFO:root:Fetched page 1
INFO:root:Fetched page 2
INFO:root:Fetched page 3
INFO:root:Fetched page 4
INFO:root:Fetched page 5
INFO:root:Fetched page 6
INFO:root:Fetched page 7
INFO:root:Fetched page 8
INFO:root:Fetched page 9
INFO:root:Fetched page 10
INFO:root:Fetched page 11
INFO:root:100 docs were found.
INFO:root:Retrieving docs for https://openalex.org/C529278444
INFO:root:Fetched page 1
INFO:root:Fetched page 2
INFO:root:Fetched page 3
INFO:root:Fetched page 4
INFO:root:Fetched page 5
INFO:root:Fetched page 6
INFO:root:100 docs were found.
INFO:root:Retrieving docs for https://openalex.org/C2778163477
INFO:root:Fetched page 1
INFO:root:Fetched page 2
INFO:root:Fetched page 3
INFO:root:Fetched page 4
INFO:root:Fetched page 5
INFO:root:Fetched page 6
INFO:root:100 docs were found.
INFO:root:Retrieving docs for https://openalex.org/C2776820930
INFO:root:Fetched page 1
INFO:root:Fetched page 2
INFO:root:Fetched page 3
INFO:root:Fetched page 4
INFO:root:Fetched page 5
INFO:root:Fetched page 6
INFO:root:Fetched page 7
INFO:root:100 docs were found.
INFO:root:Retrieving docs for https://openalex.org/C2777910003
INFO:root:Fetched page 1
INFO:root:Fetched page 2
INFO:root:Fetched page 3
INFO:root:Fetched page 4
INFO:root:Fetched page 5
INFO:root:Fetched page 6
INFO:root:100 docs were found.
INFO:root:Retrieving docs for https://openalex.org/C526584372
INFO:root:Fetched page 1
INFO:root:Fetched page 2
INFO:root:Fetched page 3
INFO:root:Fetched page 4
INFO:root:Fetched page 5
INFO:root:Fetched page 6
INFO:root:Fetched page 7
INFO:root:100 docs were found.
INFO:root:Retrieving docs for https://openalex.org/C2776283816
INFO:root:Fetched page 1
INFO:root:Fetched page 2
INFO:root:Fetched page 3
INFO:root:Fetched page 4
INFO:root:Fetched page 5
INFO:root:Fetched page 6
INFO:root:Fetched page 7
INFO:root:100 docs were found.
INFO:root:Retrieving docs for https://openalex.org/C159641895
INFO:root:Fetched page 1
INFO:root:Fetched page 2
INFO:root:Fetched page 3
INFO:root:Fetched page 4
INFO:root:Fetched page 5
INFO:root:Fetched page 6
INFO:root:Fetched page 7
INFO:root:Fetched page 8
INFO:root:Fetched page 9
INFO:root:Fetched page 10
INFO:root:100 docs were found.
INFO:root:Retrieving docs for https://openalex.org/C68312169
INFO:root:Fetched page 1
INFO:root:Fetched page 2
INFO:root:Fetched page 3
INFO:root:Fetched page 4
INFO:root:Fetched page 5
INFO:root:Fetched page 6
INFO:root:Fetched page 7
INFO:root:100 docs were found.
INFO:root:Retrieving docs for https://openalex.org/C150966472
INFO:root:Fetched page 1
INFO:root:Fetched page 2
INFO:root:Fetched page 3
INFO:root:Fetched page 4
INFO:root:Fetched page 5
INFO:root:Fetched page 6
INFO:root:Fetched page 7
INFO:root:100 docs were found.
INFO:root:Retrieving docs for https://openalex.org/C23131810
INFO:root:Fetched page 1
INFO:root:Fetched page 2
INFO:root:Fetched page 3
INFO:root:Fetched page 4
INFO:root:Fetched page 5
INFO:root:Fetched page 6
INFO:root:Fetched page 7
INFO:root:Fetched page 8
INFO:root:Fetched page 9
INFO:root:Fetched page 10
INFO:root:100 docs were found.
INFO:root:Retrieving docs for https://openalex.org/C17991360
INFO:root:Fetched page 1
INFO:root:Fetched page 2
INFO:root:Fetched page 3
INFO:root:Fetched page 4
INFO:root:Fetched page 5
INFO:root:Fetched page 6
INFO:root:Fetched page 7
INFO:root:Fetched page 8
INFO:root:Fetched page 9
INFO:root:100 docs were found.
INFO:root:Retrieving docs for https://openalex.org/C522805319
INFO:root:Fetched page 1
INFO:root:Fetched page 2
INFO:root:Fetched page 3
INFO:root:Fetched page 4
INFO:root:Fetched page 5
INFO:root:100 docs were found.
INFO:root:Retrieving docs for https://openalex.org/C534529494
INFO:root:Fetched page 1
INFO:root:Fetched page 2
INFO:root:Fetched page 3
INFO:root:Fetched page 4
INFO:root:Fetched page 5
INFO:root:Fetched page 6
INFO:root:Fetched page 7
INFO:root:Fetched page 8
INFO:root:100 docs were found.
INFO:root:Retrieving docs for https://openalex.org/C116675565
INFO:root:Fetched page 1
INFO:root:Fetched page 2
INFO:root:Fetched page 3
INFO:root:Fetched page 4
INFO:root:Fetched page 5
INFO:root:Fetched page 6
INFO:root:Fetched page 7
INFO:root:Fetched page 8
INFO:root:Fetched page 9
INFO:root:100 docs were found.
INFO:root:Retrieving docs for https://openalex.org/C2778186239
INFO:root:Fetched page 1
INFO:root:Fetched page 2
INFO:root:Fetched page 3
INFO:root:Fetched page 4
INFO:root:Fetched page 5
INFO:root:Fetched page 6
INFO:root:Fetched page 7
INFO:root:100 docs were found.
INFO:root:Retrieving docs for https://openalex.org/C89560881
INFO:root:Fetched page 1
INFO:root:Fetched page 2
INFO:root:Fetched page 3
INFO:root:Fetched page 4
INFO:root:Fetched page 5
INFO:root:Fetched page 6
INFO:root:Fetched page 7
INFO:root:100 docs were found.
INFO:root:Retrieving docs for https://openalex.org/C2778213512
INFO:root:Fetched page 1
INFO:root:Fetched page 2
INFO:root:Fetched page 3
INFO:root:Fetched page 4
INFO:root:Fetched page 5
INFO:root:Fetched page 6
INFO:root:Fetched page 7
INFO:root:Fetched page 8
INFO:root:Fetched page 9
INFO:root:100 docs were found.
INFO:root:Retrieving docs for https://openalex.org/C500440147
INFO:root:Fetched page 1
INFO:root:Fetched page 2
INFO:root:Fetched page 3
INFO:root:Fetched page 4
INFO:root:Fetched page 5
INFO:root:Fetched page 6
INFO:root:100 docs were found.
INFO:root:Retrieving docs for https://openalex.org/C147583825
INFO:root:Fetched page 1
INFO:root:Fetched page 2
INFO:root:Fetched page 3
INFO:root:Fetched page 4
INFO:root:Fetched page 5
INFO:root:100 docs were found.
INFO:root:Retrieving docs for https://openalex.org/C2777575956
INFO:root:Fetched page 1
INFO:root:Fetched page 2
INFO:root:Fetched page 3
INFO:root:Fetched page 4
INFO:root:Fetched page 5
INFO:root:Fetched page 6
INFO:root:Fetched page 7
INFO:root:Fetched page 8
INFO:root:Fetched page 9
INFO:root:100 docs were found.
INFO:root:Retrieving docs for https://openalex.org/C2780007028
INFO:root:Fetched page 1
INFO:root:Fetched page 2
INFO:root:Fetched page 3
INFO:root:Fetched page 4
INFO:root:Fetched page 5
INFO:root:Fetched page 6
INFO:root:Fetched page 7
INFO:root:Fetched page 8
INFO:root:100 docs were found.
INFO:root:Retrieving docs for https://openalex.org/C2780074459
INFO:root:Fetched page 1
INFO:root:Fetched page 2
INFO:root:Fetched page 3
INFO:root:Fetched page 4
INFO:root:Fetched page 5
INFO:root:Fetched page 6
INFO:root:Fetched page 7
INFO:root:100 docs were found.
INFO:root:Retrieving docs for https://openalex.org/C527108885
INFO:root:Fetched page 1
INFO:root:Fetched page 2
INFO:root:Fetched page 3
INFO:root:Fetched page 4
INFO:root:Fetched page 5
INFO:root:Fetched page 6
INFO:root:100 docs were found.
INFO:root:Retrieving docs for https://openalex.org/C49039625
INFO:root:Fetched page 1
INFO:root:Fetched page 2
INFO:root:Fetched page 3
INFO:root:Fetched page 4
INFO:root:Fetched page 5
INFO:root:100 docs were found.
INFO:root:Retrieving docs for https://openalex.org/C519581460
INFO:root:Fetched page 1
INFO:root:Fetched page 2
INFO:root:Fetched page 3
INFO:root:Fetched page 4
INFO:root:Fetched page 5
INFO:root:Fetched page 6
INFO:root:Fetched page 7
INFO:root:100 docs were found.
INFO:root:Retrieving docs for https://openalex.org/C2779422922
INFO:root:Fetched page 1
INFO:root:Fetched page 2
INFO:root:Fetched page 3
INFO:root:Fetched page 4
INFO:root:Fetched page 5
INFO:root:Fetched page 6
INFO:root:Fetched page 7
INFO:root:Fetched page 8
INFO:root:100 docs were found.
INFO:root:Retrieving docs for https://openalex.org/C2987404301
INFO:root:Fetched page 1
INFO:root:Fetched page 2
INFO:root:Fetched page 3
INFO:root:Fetched page 4
INFO:root:Fetched page 5
INFO:root:Fetched page 6
INFO:root:Fetched page 7
INFO:root:Fetched page 8
INFO:root:100 docs were found.
INFO:root:Retrieving docs for https://openalex.org/C2780931953
INFO:root:Fetched page 1
INFO:root:Fetched page 2
INFO:root:Fetched page 3
INFO:root:Fetched page 4
INFO:root:Fetched page 5
INFO:root:Fetched page 6
INFO:root:100 docs were found.
INFO:root:Retrieving docs for https://openalex.org/C2777914695
INFO:root:Fetched page 1
INFO:root:Fetched page 2
INFO:root:Fetched page 3
INFO:root:Fetched page 4
INFO:root:Fetched page 5
INFO:root:Fetched page 6
INFO:root:Fetched page 7
INFO:root:Fetched page 8
INFO:root:Fetched page 9
INFO:root:Fetched page 10
INFO:root:Fetched page 11
INFO:root:100 docs were found.
INFO:root:Retrieving docs for https://openalex.org/C2779399171
INFO:root:Fetched page 1
INFO:root:Fetched page 2
INFO:root:Fetched page 3
INFO:root:Fetched page 4
INFO:root:Fetched page 5
INFO:root:Fetched page 6
INFO:root:Fetched page 7
INFO:root:Fetched page 8
INFO:root:100 docs were found.
INFO:root:Retrieving docs for https://openalex.org/C2778461978
INFO:root:Fetched page 1
INFO:root:Fetched page 2
INFO:root:Fetched page 3
INFO:root:Fetched page 4
INFO:root:Fetched page 5
INFO:root:Fetched page 6
INFO:root:Fetched page 7
INFO:root:100 docs were found.
INFO:root:Retrieving docs for https://openalex.org/C2778653478
INFO:root:Fetched page 1
INFO:root:Fetched page 2
INFO:root:Fetched page 3
INFO:root:Fetched page 4
INFO:root:Fetched page 5
INFO:root:Fetched page 6
INFO:root:Fetched page 7
INFO:root:Fetched page 8
INFO:root:Fetched page 9
INFO:root:Fetched page 10
INFO:root:Fetched page 11
INFO:root:Fetched page 12
INFO:root:Fetched page 13
INFO:root:Fetched page 14
INFO:root:Fetched page 15
INFO:root:100 docs were found.
INFO:root:Retrieving docs for https://openalex.org/C158846371
INFO:root:Fetched page 1
INFO:root:Fetched page 2
INFO:root:Fetched page 3
INFO:root:Fetched page 4
INFO:root:Fetched page 5
INFO:root:Fetched page 6
INFO:root:Fetched page 7
INFO:root:Fetched page 8
INFO:root:100 docs were found.
INFO:root:Retrieving docs for https://openalex.org/C81288441
INFO:root:Fetched page 1
INFO:root:Fetched page 2
INFO:root:Fetched page 3
INFO:root:Fetched page 4
INFO:root:Fetched page 5
INFO:root:Fetched page 6
INFO:root:100 docs were found.
INFO:root:Retrieving docs for https://openalex.org/C2779338263
INFO:root:Fetched page 1
INFO:root:Fetched page 2
INFO:root:Fetched page 3
INFO:root:Fetched page 4
INFO:root:Fetched page 5
INFO:root:Fetched page 6
INFO:root:Fetched page 7
INFO:root:Fetched page 8
INFO:root:100 docs were found.
INFO:root:Retrieving docs for https://openalex.org/C2780724011
INFO:root:Fetched page 1
INFO:root:Fetched page 2
INFO:root:Fetched page 3
INFO:root:Fetched page 4
INFO:root:Fetched page 5
INFO:root:Fetched page 6
INFO:root:Fetched page 7
INFO:root:Fetched page 8
INFO:root:100 docs were found.
INFO:root:Retrieving docs for https://openalex.org/C2780868729
INFO:root:Fetched page 1
INFO:root:Fetched page 2
INFO:root:Fetched page 3
INFO:root:Fetched page 4
INFO:root:Fetched page 5
INFO:root:Fetched page 6
INFO:root:Fetched page 7
INFO:root:Fetched page 8
INFO:root:100 docs were found.
INFO:root:Retrieving docs for https://openalex.org/C31174226
INFO:root:Fetched page 1
INFO:root:Fetched page 2
INFO:root:Fetched page 3
INFO:root:Fetched page 4
INFO:root:Fetched page 5
INFO:root:Fetched page 6
INFO:root:Fetched page 7
INFO:root:Fetched page 8
INFO:root:Fetched page 9
INFO:root:Fetched page 10
INFO:root:100 docs were found.
INFO:root:Retrieving docs for https://openalex.org/C163716698
INFO:root:Fetched page 1
INFO:root:Fetched page 2
INFO:root:Fetched page 3
INFO:root:Fetched page 4
INFO:root:Fetched page 5
INFO:root:Fetched page 6
INFO:root:Fetched page 7
INFO:root:100 docs were found.
INFO:root:Retrieving docs for https://openalex.org/C146957229
INFO:root:Fetched page 1
INFO:root:Fetched page 2
INFO:root:Fetched page 3
INFO:root:Fetched page 4
INFO:root:Fetched page 5
INFO:root:Fetched page 6
INFO:root:Fetched page 7
INFO:root:Fetched page 8
INFO:root:100 docs were found.
INFO:root:Retrieving docs for https://openalex.org/C73282008
INFO:root:Fetched page 1
INFO:root:Fetched page 2
INFO:root:Fetched page 3
INFO:root:Fetched page 4
INFO:root:Fetched page 5
INFO:root:Fetched page 6
INFO:root:Fetched page 7
INFO:root:100 docs were found.
INFO:root:Retrieving docs for https://openalex.org/C2780775167
INFO:root:Fetched page 1
INFO:root:Fetched page 2
INFO:root:Fetched page 3
INFO:root:Fetched page 4
INFO:root:Fetched page 5
INFO:root:Fetched page 6
INFO:root:Fetched page 7
INFO:root:100 docs were found.
INFO:root:Retrieving docs for https://openalex.org/C2426938
INFO:root:Fetched page 1
INFO:root:Fetched page 2
INFO:root:Fetched page 3
INFO:root:Fetched page 4
INFO:root:Fetched page 5
INFO:root:Fetched page 6
INFO:root:Fetched page 7
INFO:root:Fetched page 8
INFO:root:100 docs were found.
INFO:root:Retrieving docs for https://openalex.org/C2778019345
INFO:root:Fetched page 1
INFO:root:Fetched page 2
INFO:root:Fetched page 3
INFO:root:Fetched page 4
INFO:root:Fetched page 5
INFO:root:Fetched page 6
INFO:root:Fetched page 7
INFO:root:Fetched page 8
INFO:root:100 docs were found.
INFO:root:Retrieving docs for https://openalex.org/C2781413609
INFO:root:Fetched page 1
INFO:root:Fetched page 2
INFO:root:Fetched page 3
INFO:root:Fetched page 4
INFO:root:Fetched page 5
INFO:root:Fetched page 6
INFO:root:Fetched page 7
INFO:root:100 docs were found.
INFO:root:Retrieving docs for https://openalex.org/C195910791
INFO:root:Fetched page 1
INFO:root:Fetched page 2
INFO:root:Fetched page 3
INFO:root:Fetched page 4
INFO:root:Fetched page 5
INFO:root:Fetched page 6
INFO:root:100 docs were found.
INFO:root:Retrieving docs for https://openalex.org/C2779161974
INFO:root:Fetched page 1
INFO:root:Fetched page 2
INFO:root:Fetched page 3
INFO:root:Fetched page 4
